Using pre-set license
Built from '2020.2/staging' branch; Version is '2020.2.6f1 (8a2143876886) revision 9052483'; Using compiler version '192528614'; Build Type 'Release'
OS: 'Windows 10 Home; OS build 19041.804; Version 2004; 64bit' Language: 'en' Physical Memory: 16314 MB
BatchMode: 1, IsHumanControllingUs: 0, StartBugReporterOnCrash: 0, Is64bit: 1, IsPro: 0

 COMMAND LINE ARGUMENTS:
E:\unity\2020.2.6f1\Editor\Unity.exe
-adb2
-batchMode
-noUpm
-name
AssetImportWorker1
-projectPath
C:/Users/ethan/Desktop/378/FinalProject/HangTime/HangTime
-logFile
Logs/AssetImportWorker1.log
-srvPort
49859
Successfully changed project path to: C:/Users/ethan/Desktop/378/FinalProject/HangTime/HangTime
C:/Users/ethan/Desktop/378/FinalProject/HangTime/HangTime
Using Asset Import Pipeline V2.
Refreshing native plugins compatible for Editor in 22.29 ms, found 0 plugins.
Preloading 0 native plugins for Editor in 0.00 ms.
Initialize engine version: 2020.2.6f1 (8a2143876886)
[Subsystems] Discovering subsystems at path E:/unity/2020.2.6f1/Editor/Data/Resources/UnitySubsystems
[Subsystems] Discovering subsystems at path C:/Users/ethan/Desktop/378/FinalProject/HangTime/HangTime/Assets
GfxDevice: creating device client; threaded=0
Direct3D:
    Version:  Direct3D 11.0 [level 11.1]
    Renderer: NVIDIA GeForce GTX 1070 (ID=0x1b81)
    Vendor:   
    VRAM:     8088 MB
    Driver:   26.21.14.4219
Initialize mono
Mono path[0] = 'E:/unity/2020.2.6f1/Editor/Data/Managed'
Mono path[1] = 'E:/unity/2020.2.6f1/Editor/Data/MonoBleedingEdge/lib/mono/unityjit'
Mono config path = 'E:/unity/2020.2.6f1/Editor/Data/MonoBleedingEdge/etc'
Using monoOptions --debugger-agent=transport=dt_socket,embedding=1,server=y,suspend=n,address=127.0.0.1:56980
Begin MonoManager ReloadAssembly
Registering precompiled unity dll's ...
Register platform support module: E:/unity/2020.2.6f1/Editor/Data/PlaybackEngines/WebGLSupport/UnityEditor.WebGL.Extensions.dll
Register platform support module: E:/unity/2020.2.6f1/Editor/Data/PlaybackEngines/WindowsStandaloneSupport/UnityEditor.WindowsStandalone.Extensions.dll
Registered in 0.001396 seconds.
Native extension for WindowsStandalone target not found
Native extension for WebGL target not found
Refreshing native plugins compatible for Editor in 23.05 ms, found 0 plugins.
Preloading 0 native plugins for Editor in 0.00 ms.
Invoked RoslynAnalysisRunner static constructor.
RoslynAnalysisRunner will not be running.
RoslynAnalysisRunner has terminated.
Mono: successfully reloaded assembly
- Completed reload, in  9.543 seconds
Platform modules already initialized, skipping
Registering precompiled user dll's ...
Registered in 0.000670 seconds.
Begin MonoManager ReloadAssembly
Native extension for WindowsStandalone target not found
Native extension for WebGL target not found
Refreshing native plugins compatible for Editor in 0.20 ms, found 0 plugins.
Preloading 0 native plugins for Editor in 0.00 ms.
Invoked RoslynAnalysisRunner static constructor.
RoslynAnalysisRunner will not be running.
RoslynAnalysisRunner has terminated.
Mono: successfully reloaded assembly
- Completed reload, in  0.746 seconds
Platform modules already initialized, skipping
========================================================================
Worker process is ready to serve import requests
Launched and connected shader compiler UnityShaderCompiler.exe after 0.06 seconds
Refreshing native plugins compatible for Editor in 0.25 ms, found 0 plugins.
Preloading 0 native plugins for Editor in 0.00 ms.
Unloading 1253 Unused Serialized files (Serialized files now loaded: 0)
System memory in use before: 61.9 MB.
System memory in use after: 62.0 MB.

Unloading 11 unused Assets to reduce memory usage. Loaded Objects now: 1696.
Total: 1.521200 ms (FindLiveObjects: 0.145600 ms CreateObjectMapping: 0.049300 ms MarkObjects: 1.251400 ms  DeleteObjects: 0.073700 ms)

========================================================================
Received Import Request.
  path: Assets/Scripts/NewBehaviourScript.cs
  artifactKey: Guid(5e545561dd9bd574b87ef8bd9a8402a7) Importer(815301076,1909f56bfc062723c751e8b465ee728b)
Start importing Assets/Scripts/NewBehaviourScript.cs using Guid(5e545561dd9bd574b87ef8bd9a8402a7) Importer(815301076,1909f56bfc062723c751e8b465ee728b)  -> (artifact id: 'a87d546f2cd7f414ba69e3456e4c7f16') in 0.058636 seconds
  Import took 0.060382 seconds .

========================================================================
Received Import Request.
  Time since last request: 87.746839 seconds.
  path: Assets/Scripts/NewBehaviourScript.cs
  artifactKey: Guid(5e545561dd9bd574b87ef8bd9a8402a7) Importer(815301076,1909f56bfc062723c751e8b465ee728b)
Start importing Assets/Scripts/NewBehaviourScript.cs using Guid(5e545561dd9bd574b87ef8bd9a8402a7) Importer(815301076,1909f56bfc062723c751e8b465ee728b)  -> (artifact id: '16a59977472a3878d246ebf847c53cbb') in 0.003636 seconds
  Import took 0.005365 seconds .

========================================================================
Received Prepare
Registering precompiled user dll's ...
Registered in 0.000657 seconds.
Begin MonoManager ReloadAssembly
Native extension for WindowsStandalone target not found
Native extension for WebGL target not found
Refreshing native plugins compatible for Editor in 0.20 ms, found 0 plugins.
Preloading 0 native plugins for Editor in 0.00 ms.
Invoked RoslynAnalysisRunner static constructor.
RoslynAnalysisRunner will not be running.
RoslynAnalysisRunner has terminated.
Mono: successfully reloaded assembly
- Completed reload, in  0.718 seconds
Platform modules already initialized, skipping
Refreshing native plugins compatible for Editor in 0.20 ms, found 0 plugins.
Preloading 0 native plugins for Editor in 0.00 ms.
Unloading 1248 Unused Serialized files (Serialized files now loaded: 0)
System memory in use before: 61.9 MB.
System memory in use after: 62.0 MB.

Unloading 6 unused Assets to reduce memory usage. Loaded Objects now: 1699.
Total: 1.889300 ms (FindLiveObjects: 0.208200 ms CreateObjectMapping: 0.068900 ms MarkObjects: 1.555600 ms  DeleteObjects: 0.055500 ms)

========================================================================
Received Import Request.
  Time since last request: 62.380486 seconds.
  path: Assets/Scripts/NewBehaviourScript.cs
  artifactKey: Guid(5e545561dd9bd574b87ef8bd9a8402a7) Importer(815301076,1909f56bfc062723c751e8b465ee728b)
Start importing Assets/Scripts/NewBehaviourScript.cs using Guid(5e545561dd9bd574b87ef8bd9a8402a7) Importer(815301076,1909f56bfc062723c751e8b465ee728b)  -> (artifact id: '3ac55c635bfe8c8d4f1b38b05753ba46') in 0.004915 seconds
  Import took 0.006706 seconds .

========================================================================
Received Prepare
Registering precompiled user dll's ...
Registered in 0.000672 seconds.
Begin MonoManager ReloadAssembly
Native extension for WindowsStandalone target not found
Native extension for WebGL target not found
Refreshing native plugins compatible for Editor in 0.20 ms, found 0 plugins.
Preloading 0 native plugins for Editor in 0.00 ms.
Invoked RoslynAnalysisRunner static constructor.
RoslynAnalysisRunner will not be running.
RoslynAnalysisRunner has terminated.
Mono: successfully reloaded assembly
- Completed reload, in  0.943 seconds
Platform modules already initialized, skipping
Refreshing native plugins compatible for Editor in 0.20 ms, found 0 plugins.
Preloading 0 native plugins for Editor in 0.00 ms.
Unloading 1247 Unused Serialized files (Serialized files now loaded: 0)
System memory in use before: 61.9 MB.
System memory in use after: 62.0 MB.

Unloading 6 unused Assets to reduce memory usage. Loaded Objects now: 1701.
Total: 1.663200 ms (FindLiveObjects: 0.130300 ms CreateObjectMapping: 0.034100 ms MarkObjects: 1.446600 ms  DeleteObjects: 0.051400 ms)

========================================================================
Received Import Request.
  Time since last request: 7.983771 seconds.
  path: Assets/Scripts/CameraScript.cs
  artifactKey: Guid(5e545561dd9bd574b87ef8bd9a8402a7) Importer(815301076,1909f56bfc062723c751e8b465ee728b)
Start importing Assets/Scripts/CameraScript.cs using Guid(5e545561dd9bd574b87ef8bd9a8402a7) Importer(815301076,1909f56bfc062723c751e8b465ee728b)  -> (artifact id: '1f5a4b1709efac68b64fd48385f6e4af') in 0.008047 seconds
  Import took 0.009805 seconds .

========================================================================
Received Prepare
Registering precompiled user dll's ...
Registered in 0.000700 seconds.
Begin MonoManager ReloadAssembly
Native extension for WindowsStandalone target not found
Native extension for WebGL target not found
Refreshing native plugins compatible for Editor in 0.21 ms, found 0 plugins.
Preloading 0 native plugins for Editor in 0.00 ms.
Invoked RoslynAnalysisRunner static constructor.
RoslynAnalysisRunner will not be running.
RoslynAnalysisRunner has terminated.
Mono: successfully reloaded assembly
- Completed reload, in  0.695 seconds
Platform modules already initialized, skipping
Refreshing native plugins compatible for Editor in 0.20 ms, found 0 plugins.
Preloading 0 native plugins for Editor in 0.00 ms.
Unloading 1247 Unused Serialized files (Serialized files now loaded: 0)
System memory in use before: 61.9 MB.
System memory in use after: 62.0 MB.

Unloading 6 unused Assets to reduce memory usage. Loaded Objects now: 1703.
Total: 1.835400 ms (FindLiveObjects: 0.156600 ms CreateObjectMapping: 0.042900 ms MarkObjects: 1.568300 ms  DeleteObjects: 0.066700 ms)

========================================================================
Received Import Request.
  Time since last request: 15.806536 seconds.
  path: Assets/Scripts/CameraFocus.cs
  artifactKey: Guid(5e545561dd9bd574b87ef8bd9a8402a7) Importer(815301076,1909f56bfc062723c751e8b465ee728b)
Start importing Assets/Scripts/CameraFocus.cs using Guid(5e545561dd9bd574b87ef8bd9a8402a7) Importer(815301076,1909f56bfc062723c751e8b465ee728b)  -> (artifact id: '9e487541b7e0206b417a0087ecc79874') in 0.009437 seconds
  Import took 0.011365 seconds .

========================================================================
Received Import Request.
  Time since last request: 0.003951 seconds.
  path: Assets/Scripts/CameraFocus.cs
  artifactKey: Guid(5e545561dd9bd574b87ef8bd9a8402a7) Importer(815301076,1909f56bfc062723c751e8b465ee728b)
Start importing Assets/Scripts/CameraFocus.cs using Guid(5e545561dd9bd574b87ef8bd9a8402a7) Importer(815301076,1909f56bfc062723c751e8b465ee728b)  -> (artifact id: '9e487541b7e0206b417a0087ecc79874') in 0.003819 seconds
  Import took 0.037093 seconds .

========================================================================
Received Prepare
Registering precompiled user dll's ...
Registered in 0.000678 seconds.
Begin MonoManager ReloadAssembly
Native extension for WindowsStandalone target not found
Native extension for WebGL target not found
Refreshing native plugins compatible for Editor in 0.22 ms, found 0 plugins.
Preloading 0 native plugins for Editor in 0.00 ms.
Invoked RoslynAnalysisRunner static constructor.
RoslynAnalysisRunner will not be running.
RoslynAnalysisRunner has terminated.
Mono: successfully reloaded assembly
- Completed reload, in  0.678 seconds
Platform modules already initialized, skipping
Refreshing native plugins compatible for Editor in 0.19 ms, found 0 plugins.
Preloading 0 native plugins for Editor in 0.00 ms.
Unloading 1247 Unused Serialized files (Serialized files now loaded: 0)
System memory in use before: 61.9 MB.
System memory in use after: 62.0 MB.

Unloading 6 unused Assets to reduce memory usage. Loaded Objects now: 1705.
Total: 1.796500 ms (FindLiveObjects: 0.133300 ms CreateObjectMapping: 0.037900 ms MarkObjects: 1.578300 ms  DeleteObjects: 0.045900 ms)

========================================================================
Received Import Request.
  Time since last request: 13.338591 seconds.
  path: Assets/Scripts/FlyCamera.cs
  artifactKey: Guid(936988be9cd9bc7438989b8897fc70f9) Importer(815301076,1909f56bfc062723c751e8b465ee728b)
Start importing Assets/Scripts/FlyCamera.cs using Guid(936988be9cd9bc7438989b8897fc70f9) Importer(815301076,1909f56bfc062723c751e8b465ee728b)  -> (artifact id: '715d75e7de6c818b0ab2344c9103855b') in 0.008185 seconds
  Import took 0.009948 seconds .

========================================================================
Received Import Request.
  Time since last request: 0.068490 seconds.
  path: Assets/Scripts/FlyCamera.cs
  artifactKey: Guid(936988be9cd9bc7438989b8897fc70f9) Importer(815301076,1909f56bfc062723c751e8b465ee728b)
Start importing Assets/Scripts/FlyCamera.cs using Guid(936988be9cd9bc7438989b8897fc70f9) Importer(815301076,1909f56bfc062723c751e8b465ee728b)  -> (artifact id: '715d75e7de6c818b0ab2344c9103855b') in 0.003174 seconds
  Import took 0.004963 seconds .

========================================================================
Received Import Request.
  Time since last request: 53.821161 seconds.
  path: Assets/Scripts/CameraFollow.cs
  artifactKey: Guid(fadda35ca19062d4aa98fe95e72e7831) Importer(815301076,1909f56bfc062723c751e8b465ee728b)
Start importing Assets/Scripts/CameraFollow.cs using Guid(fadda35ca19062d4aa98fe95e72e7831) Importer(815301076,1909f56bfc062723c751e8b465ee728b)  -> (artifact id: '689f67d5cea6566bce3591dbb62e3bc1') in 0.006972 seconds
  Import took 0.008956 seconds .

========================================================================
Received Prepare
Registering precompiled user dll's ...
Registered in 0.000674 seconds.
Begin MonoManager ReloadAssembly
Native extension for WindowsStandalone target not found
Native extension for WebGL target not found
Refreshing native plugins compatible for Editor in 0.21 ms, found 0 plugins.
Preloading 0 native plugins for Editor in 0.00 ms.
Invoked RoslynAnalysisRunner static constructor.
RoslynAnalysisRunner will not be running.
RoslynAnalysisRunner has terminated.
Mono: successfully reloaded assembly
- Completed reload, in  0.720 seconds
Platform modules already initialized, skipping
Refreshing native plugins compatible for Editor in 0.24 ms, found 0 plugins.
Preloading 0 native plugins for Editor in 0.00 ms.
Unloading 1248 Unused Serialized files (Serialized files now loaded: 0)
System memory in use before: 62.0 MB.
System memory in use after: 62.1 MB.

Unloading 6 unused Assets to reduce memory usage. Loaded Objects now: 1708.
Total: 1.541000 ms (FindLiveObjects: 0.140400 ms CreateObjectMapping: 0.038500 ms MarkObjects: 1.313900 ms  DeleteObjects: 0.047100 ms)

========================================================================
Received Prepare
Registering precompiled user dll's ...
Registered in 0.000680 seconds.
Begin MonoManager ReloadAssembly
Native extension for WindowsStandalone target not found
Native extension for WebGL target not found
Refreshing native plugins compatible for Editor in 0.20 ms, found 0 plugins.
Preloading 0 native plugins for Editor in 0.00 ms.
Invoked RoslynAnalysisRunner static constructor.
RoslynAnalysisRunner will not be running.
RoslynAnalysisRunner has terminated.
Mono: successfully reloaded assembly
- Completed reload, in  0.684 seconds
Platform modules already initialized, skipping
Refreshing native plugins compatible for Editor in 0.19 ms, found 0 plugins.
Preloading 0 native plugins for Editor in 0.00 ms.
Unloading 1248 Unused Serialized files (Serialized files now loaded: 0)
System memory in use before: 62.0 MB.
System memory in use after: 62.1 MB.

Unloading 6 unused Assets to reduce memory usage. Loaded Objects now: 1710.
Total: 1.757800 ms (FindLiveObjects: 0.136900 ms CreateObjectMapping: 0.036000 ms MarkObjects: 1.541700 ms  DeleteObjects: 0.042400 ms)

========================================================================
Received Prepare
Registering precompiled user dll's ...
Registered in 0.000650 seconds.
Begin MonoManager ReloadAssembly
Native extension for WindowsStandalone target not found
Native extension for WebGL target not found
Refreshing native plugins compatible for Editor in 0.20 ms, found 0 plugins.
Preloading 0 native plugins for Editor in 0.00 ms.
Invoked RoslynAnalysisRunner static constructor.
RoslynAnalysisRunner will not be running.
RoslynAnalysisRunner has terminated.
Mono: successfully reloaded assembly
- Completed reload, in  0.671 seconds
Platform modules already initialized, skipping
Refreshing native plugins compatible for Editor in 0.21 ms, found 0 plugins.
Preloading 0 native plugins for Editor in 0.00 ms.
Unloading 1247 Unused Serialized files (Serialized files now loaded: 0)
System memory in use before: 62.0 MB.
System memory in use after: 62.0 MB.

Unloading 7 unused Assets to reduce memory usage. Loaded Objects now: 1711.
Total: 1.487200 ms (FindLiveObjects: 0.107200 ms CreateObjectMapping: 0.044400 ms MarkObjects: 1.273900 ms  DeleteObjects: 0.060800 ms)

========================================================================
Received Prepare
Registering precompiled user dll's ...
Registered in 0.000659 seconds.
Begin MonoManager ReloadAssembly
Native extension for WindowsStandalone target not found
Native extension for WebGL target not found
Refreshing native plugins compatible for Editor in 0.21 ms, found 0 plugins.
Preloading 0 native plugins for Editor in 0.00 ms.
Invoked RoslynAnalysisRunner static constructor.
RoslynAnalysisRunner will not be running.
RoslynAnalysisRunner has terminated.
Mono: successfully reloaded assembly
- Completed reload, in  0.655 seconds
Platform modules already initialized, skipping
Refreshing native plugins compatible for Editor in 0.24 ms, found 0 plugins.
Preloading 0 native plugins for Editor in 0.00 ms.
Unloading 1247 Unused Serialized files (Serialized files now loaded: 0)
System memory in use before: 62.0 MB.
System memory in use after: 62.0 MB.

Unloading 6 unused Assets to reduce memory usage. Loaded Objects now: 1713.
Total: 1.652600 ms (FindLiveObjects: 0.132200 ms CreateObjectMapping: 0.038100 ms MarkObjects: 1.435300 ms  DeleteObjects: 0.046100 ms)

========================================================================
Received Prepare
Registering precompiled user dll's ...
Registered in 0.000739 seconds.
Begin MonoManager ReloadAssembly
Native extension for WindowsStandalone target not found
Native extension for WebGL target not found
Refreshing native plugins compatible for Editor in 0.20 ms, found 0 plugins.
Preloading 0 native plugins for Editor in 0.00 ms.
Invoked RoslynAnalysisRunner static constructor.
RoslynAnalysisRunner will not be running.
RoslynAnalysisRunner has terminated.
Mono: successfully reloaded assembly
- Completed reload, in  0.677 seconds
Platform modules already initialized, skipping
Refreshing native plugins compatible for Editor in 0.30 ms, found 0 plugins.
Preloading 0 native plugins for Editor in 0.00 ms.
Unloading 1247 Unused Serialized files (Serialized files now loaded: 0)
System memory in use before: 62.0 MB.
System memory in use after: 62.1 MB.

Unloading 6 unused Assets to reduce memory usage. Loaded Objects now: 1715.
Total: 2.275000 ms (FindLiveObjects: 0.283200 ms CreateObjectMapping: 0.089500 ms MarkObjects: 1.836700 ms  DeleteObjects: 0.063000 ms)

========================================================================
Received Import Request.
  Time since last request: 881.891804 seconds.
  path: Assets/Prefabs/Player.prefab
  artifactKey: Guid(8affd147ac477c141a29565c1db92762) Importer(815301076,1909f56bfc062723c751e8b465ee728b)
Start importing Assets/Prefabs/Player.prefab using Guid(8affd147ac477c141a29565c1db92762) Importer(815301076,1909f56bfc062723c751e8b465ee728b)  -> (artifact id: '6f8ba29a56900894c75117cb43094dac') in 0.134143 seconds
  Import took 0.136158 seconds .

========================================================================
Received Import Request.
  Time since last request: 0.000316 seconds.
  path: Assets/Prefabs/Sphere.prefab
  artifactKey: Guid(3244e729f0d5d9a42beadf7e61ad2e6d) Importer(815301076,1909f56bfc062723c751e8b465ee728b)
Start importing Assets/Prefabs/Sphere.prefab using Guid(3244e729f0d5d9a42beadf7e61ad2e6d) Importer(815301076,1909f56bfc062723c751e8b465ee728b)  -> (artifact id: '4400c702a4542ff9550fa6e10fafce8a') in 0.028652 seconds
  Import took 0.030392 seconds .

========================================================================
Received Import Request.
  Time since last request: 0.000273 seconds.
  path: Assets/Prefabs/StartingPlatform.prefab
  artifactKey: Guid(ab02336ddc480a347b67e1f442abf7da) Importer(815301076,1909f56bfc062723c751e8b465ee728b)
Start importing Assets/Prefabs/StartingPlatform.prefab using Guid(ab02336ddc480a347b67e1f442abf7da) Importer(815301076,1909f56bfc062723c751e8b465ee728b)  -> (artifact id: '8227e450c1f19cbacc7a349edb516285') in 0.015695 seconds
  Import took 0.017622 seconds .

========================================================================
Received Import Request.
  Time since last request: 0.000274 seconds.
  path: Assets/Prefabs/Sphere.prefab
  artifactKey: Guid(3244e729f0d5d9a42beadf7e61ad2e6d) Importer(815301076,1909f56bfc062723c751e8b465ee728b)
Start importing Assets/Prefabs/Sphere.prefab using Guid(3244e729f0d5d9a42beadf7e61ad2e6d) Importer(815301076,1909f56bfc062723c751e8b465ee728b)  -> (artifact id: '4400c702a4542ff9550fa6e10fafce8a') in 0.009404 seconds
  Import took 0.011232 seconds .

========================================================================
Received Import Request.
  Time since last request: 5.088847 seconds.
  path: Assets/Prefabs
  artifactKey: Guid(570cac8c9617c4041b8f79d6536439c5) Importer(815301076,1909f56bfc062723c751e8b465ee728b)
Start importing Assets/Prefabs using Guid(570cac8c9617c4041b8f79d6536439c5) Importer(815301076,1909f56bfc062723c751e8b465ee728b)  -> (artifact id: '177abe65ace5111e5533c0a9d2707dca') in 0.006988 seconds
  Import took 0.008812 seconds .

========================================================================
Received Import Request.
  Time since last request: 10.150825 seconds.
  path: Assets/Images
  artifactKey: Guid(c1470c0f936066a4092b30cc2e4ecfb5) Importer(815301076,1909f56bfc062723c751e8b465ee728b)
Start importing Assets/Images using Guid(c1470c0f936066a4092b30cc2e4ecfb5) Importer(815301076,1909f56bfc062723c751e8b465ee728b)  -> (artifact id: '7d0b6e99fb45b47de9e05e09145c2002') in 0.006888 seconds
  Import took 0.008760 seconds .

========================================================================
Received Import Request.
  Time since last request: 0.001712 seconds.
  path: Assets/Images
  artifactKey: Guid(c1470c0f936066a4092b30cc2e4ecfb5) Importer(815301076,1909f56bfc062723c751e8b465ee728b)
Start importing Assets/Images using Guid(c1470c0f936066a4092b30cc2e4ecfb5) Importer(815301076,1909f56bfc062723c751e8b465ee728b)  -> (artifact id: '7d0b6e99fb45b47de9e05e09145c2002') in 0.003143 seconds
  Import took 0.005125 seconds .

========================================================================
Received Import Request.
  Time since last request: 5.764305 seconds.
  path: Assets/Images/crosshair.png
  artifactKey: Guid(0719e80922644fd42a8be0f92f5b1402) Importer(815301076,1909f56bfc062723c751e8b465ee728b)
Start importing Assets/Images/crosshair.png using Guid(0719e80922644fd42a8be0f92f5b1402) Importer(815301076,1909f56bfc062723c751e8b465ee728b)  -> (artifact id: 'ae2608f1999237662f61161b48f96f80') in 0.118843 seconds
  Import took 0.120740 seconds .

========================================================================
Received Import Request.
  Time since last request: 255.985261 seconds.
  path: Assets/Images/crosshair.png
  artifactKey: Guid(0719e80922644fd42a8be0f92f5b1402) Importer(815301076,1909f56bfc062723c751e8b465ee728b)
Start importing Assets/Images/crosshair.png using Guid(0719e80922644fd42a8be0f92f5b1402) Importer(815301076,1909f56bfc062723c751e8b465ee728b)  -> (artifact id: '4afbe24793bf8cd88b66b9f7e2eca598') in 0.021821 seconds
  Import took 0.023851 seconds .

========================================================================
Received Prepare
Registering precompiled user dll's ...
Registered in 0.000721 seconds.
Begin MonoManager ReloadAssembly
Native extension for WindowsStandalone target not found
Native extension for WebGL target not found
Refreshing native plugins compatible for Editor in 0.20 ms, found 0 plugins.
Preloading 0 native plugins for Editor in 0.00 ms.
Invoked RoslynAnalysisRunner static constructor.
RoslynAnalysisRunner will not be running.
RoslynAnalysisRunner has terminated.
Mono: successfully reloaded assembly
- Completed reload, in  0.658 seconds
Platform modules already initialized, skipping
Refreshing native plugins compatible for Editor in 0.20 ms, found 0 plugins.
Preloading 0 native plugins for Editor in 0.00 ms.
Unloading 1247 Unused Serialized files (Serialized files now loaded: 0)
System memory in use before: 65.2 MB.
System memory in use after: 65.2 MB.

Unloading 7 unused Assets to reduce memory usage. Loaded Objects now: 1728.
Total: 1.671500 ms (FindLiveObjects: 0.128700 ms CreateObjectMapping: 0.033900 ms MarkObjects: 1.462600 ms  DeleteObjects: 0.045600 ms)

========================================================================
Received Import Request.
  Time since last request: 204.191256 seconds.
  path: Assets/Images/crosshair.png
  artifactKey: Guid(0719e80922644fd42a8be0f92f5b1402) Importer(815301076,1909f56bfc062723c751e8b465ee728b)
Start importing Assets/Images/crosshair.png using Guid(0719e80922644fd42a8be0f92f5b1402) Importer(815301076,1909f56bfc062723c751e8b465ee728b)  -> (artifact id: '6e35ec56c99f9f372519c5687c63ad84') in 0.049983 seconds
  Import took 0.051984 seconds .

========================================================================
Received Import Request.
  Time since last request: 16.031149 seconds.
  path: Assets/Images/crosshair.png
  artifactKey: Guid(0719e80922644fd42a8be0f92f5b1402) Importer(815301076,1909f56bfc062723c751e8b465ee728b)
Start importing Assets/Images/crosshair.png using Guid(0719e80922644fd42a8be0f92f5b1402) Importer(815301076,1909f56bfc062723c751e8b465ee728b)  -> (artifact id: '618443ff0c1160ab51c612fad6042b87') in 0.013555 seconds
  Import took 0.015578 seconds .

========================================================================
Received Import Request.
  Time since last request: 235.764344 seconds.
  path: Assets/CursorsAndCrosshairs/FreeCrosshairs
  artifactKey: Guid(f9799b5608925eb4c8911089205f7cb6) Importer(815301076,1909f56bfc062723c751e8b465ee728b)
Start importing Assets/CursorsAndCrosshairs/FreeCrosshairs using Guid(f9799b5608925eb4c8911089205f7cb6) Importer(815301076,1909f56bfc062723c751e8b465ee728b)  -> (artifact id: '35c08d5fc96efe4fdcf38cc19a3f1d10') in 0.007453 seconds
  Import took 0.009331 seconds .

========================================================================
Received Import Request.
  Time since last request: 0.055771 seconds.
  path: Assets/CursorsAndCrosshairs/FreeCrosshairs/Crosshair1.png
  artifactKey: Guid(437ded3d81ced1c44aaefe2ce9b28023) Importer(815301076,1909f56bfc062723c751e8b465ee728b)
Start importing Assets/CursorsAndCrosshairs/FreeCrosshairs/Crosshair1.png using Guid(437ded3d81ced1c44aaefe2ce9b28023) Importer(815301076,1909f56bfc062723c751e8b465ee728b)  -> (artifact id: 'bfd84d97a8307294aa74be3611413eb6') in 0.016827 seconds
  Import took 0.018814 seconds .

========================================================================
Received Import Request.
  Time since last request: 0.000349 seconds.
  path: Assets/CursorsAndCrosshairs/FreeCrosshairs/Crosshair23.png
  artifactKey: Guid(a6c52a8f8e9253b43982a3ae1b5ba95c) Importer(815301076,1909f56bfc062723c751e8b465ee728b)
Start importing Assets/CursorsAndCrosshairs/FreeCrosshairs/Crosshair23.png using Guid(a6c52a8f8e9253b43982a3ae1b5ba95c) Importer(815301076,1909f56bfc062723c751e8b465ee728b)  -> (artifact id: '72fb482bdaae12a1b372db275e97d111') in 0.015295 seconds
  Import took 0.016975 seconds .

========================================================================
Received Import Request.
  Time since last request: 0.000379 seconds.
  path: Assets/CursorsAndCrosshairs/FreeCrosshairs/Crosshair13.png
  artifactKey: Guid(d4fe92c568f17094e91a4c2ebf2497fb) Importer(815301076,1909f56bfc062723c751e8b465ee728b)
Start importing Assets/CursorsAndCrosshairs/FreeCrosshairs/Crosshair13.png using Guid(d4fe92c568f17094e91a4c2ebf2497fb) Importer(815301076,1909f56bfc062723c751e8b465ee728b)  -> (artifact id: '22a8dc0691b7a69c53610e6758351b6e') in 0.014907 seconds
  Import took 0.016609 seconds .

========================================================================
Received Import Request.
  Time since last request: 0.000344 seconds.
  path: Assets/CursorsAndCrosshairs/FreeCrosshairs/Crosshair8.png
  artifactKey: Guid(28b5d36388885a54aafda0f47701ef65) Importer(815301076,1909f56bfc062723c751e8b465ee728b)
Start importing Assets/CursorsAndCrosshairs/FreeCrosshairs/Crosshair8.png using Guid(28b5d36388885a54aafda0f47701ef65) Importer(815301076,1909f56bfc062723c751e8b465ee728b)  -> (artifact id: '495eda870eb74de6dbe3e79170372620') in 0.014972 seconds
  Import took 0.016633 seconds .

========================================================================
Received Import Request.
  Time since last request: 0.000351 seconds.
  path: Assets/CursorsAndCrosshairs/FreeCrosshairs/Crosshair22.png
  artifactKey: Guid(67d96ea281523454083d99d4724b736a) Importer(815301076,1909f56bfc062723c751e8b465ee728b)
Start importing Assets/CursorsAndCrosshairs/FreeCrosshairs/Crosshair22.png using Guid(67d96ea281523454083d99d4724b736a) Importer(815301076,1909f56bfc062723c751e8b465ee728b)  -> (artifact id: '6578265035cb69fa6d632dcce67beebf') in 0.018581 seconds
  Import took 0.020371 seconds .

========================================================================
Received Import Request.
  Time since last request: 0.000249 seconds.
  path: Assets/CursorsAndCrosshairs/FreeCrosshairs/Crosshair9.png
  artifactKey: Guid(92fececc8b7c90946a06c5b311584139) Importer(815301076,1909f56bfc062723c751e8b465ee728b)
Start importing Assets/CursorsAndCrosshairs/FreeCrosshairs/Crosshair9.png using Guid(92fececc8b7c90946a06c5b311584139) Importer(815301076,1909f56bfc062723c751e8b465ee728b)  -> (artifact id: '40df9b84bf6a04a0ea7c7115aae5d834') in 0.017616 seconds
  Import took 0.019777 seconds .

========================================================================
Received Import Request.
  Time since last request: 0.000256 seconds.
  path: Assets/CursorsAndCrosshairs/FreeCrosshairs/Crosshair2.png
  artifactKey: Guid(608c8661cd2cac8448a004d7febcf96c) Importer(815301076,1909f56bfc062723c751e8b465ee728b)
Start importing Assets/CursorsAndCrosshairs/FreeCrosshairs/Crosshair2.png using Guid(608c8661cd2cac8448a004d7febcf96c) Importer(815301076,1909f56bfc062723c751e8b465ee728b)  -> (artifact id: '32607a65626365dc5e3ddfafd6876d83') in 0.017482 seconds
  Import took 0.019434 seconds .

========================================================================
Received Import Request.
  Time since last request: 0.000283 seconds.
  path: Assets/CursorsAndCrosshairs/FreeCrosshairs/Crosshair19.png
  artifactKey: Guid(e55ba2774d06a3c41a20e97b11d485d9) Importer(815301076,1909f56bfc062723c751e8b465ee728b)
Start importing Assets/CursorsAndCrosshairs/FreeCrosshairs/Crosshair19.png using Guid(e55ba2774d06a3c41a20e97b11d485d9) Importer(815301076,1909f56bfc062723c751e8b465ee728b)  -> (artifact id: '902bb432f0b4980515d6a82a19895c69') in 0.017343 seconds
  Import took 0.019523 seconds .

========================================================================
Received Import Request.
  Time since last request: 0.000225 seconds.
  path: Assets/CursorsAndCrosshairs/FreeCrosshairs/Crosshair14.png
  artifactKey: Guid(e7f005e7cb7a10848b4da4cc3e9b0d56) Importer(815301076,1909f56bfc062723c751e8b465ee728b)
Start importing Assets/CursorsAndCrosshairs/FreeCrosshairs/Crosshair14.png using Guid(e7f005e7cb7a10848b4da4cc3e9b0d56) Importer(815301076,1909f56bfc062723c751e8b465ee728b)  -> (artifact id: '522cacac89be0445f6b8669fb1df2f05') in 0.016893 seconds
  Import took 0.019166 seconds .

========================================================================
Received Import Request.
  Time since last request: 0.000263 seconds.
  path: Assets/CursorsAndCrosshairs/FreeCrosshairs/Crosshair12.png
  artifactKey: Guid(7c359ff9141438945ab4a4874e9ce466) Importer(815301076,1909f56bfc062723c751e8b465ee728b)
Start importing Assets/CursorsAndCrosshairs/FreeCrosshairs/Crosshair12.png using Guid(7c359ff9141438945ab4a4874e9ce466) Importer(815301076,1909f56bfc062723c751e8b465ee728b)  -> (artifact id: '0562ce3c21d7e44a165fa34c543570f0') in 0.017214 seconds
  Import took 0.018993 seconds .

========================================================================
Received Import Request.
  Time since last request: 0.000308 seconds.
  path: Assets/CursorsAndCrosshairs/FreeCrosshairs/Crosshair18.png
  artifactKey: Guid(54e6ab7285a324645820e690ecbca1bc) Importer(815301076,1909f56bfc062723c751e8b465ee728b)
Start importing Assets/CursorsAndCrosshairs/FreeCrosshairs/Crosshair18.png using Guid(54e6ab7285a324645820e690ecbca1bc) Importer(815301076,1909f56bfc062723c751e8b465ee728b)  -> (artifact id: '413ec8935047397cc011c93e5536c5ec') in 0.017079 seconds
  Import took 0.019133 seconds .

========================================================================
Received Import Request.
  Time since last request: 0.000255 seconds.
  path: Assets/CursorsAndCrosshairs/FreeCrosshairs/Crosshair15.png
  artifactKey: Guid(d055d0e76bb14d14e8afc3993616e434) Importer(815301076,1909f56bfc062723c751e8b465ee728b)
Start importing Assets/CursorsAndCrosshairs/FreeCrosshairs/Crosshair15.png using Guid(d055d0e76bb14d14e8afc3993616e434) Importer(815301076,1909f56bfc062723c751e8b465ee728b)  -> (artifact id: '10614fb2574f988447522d47d28683be') in 0.017615 seconds
  Import took 0.019626 seconds .

========================================================================
Received Import Request.
  Time since last request: 0.000309 seconds.
  path: Assets/CursorsAndCrosshairs/FreeCrosshairs/Crosshair11.png
  artifactKey: Guid(3d509a0bd14198f48a6206be91c95cfc) Importer(815301076,1909f56bfc062723c751e8b465ee728b)
Start importing Assets/CursorsAndCrosshairs/FreeCrosshairs/Crosshair11.png using Guid(3d509a0bd14198f48a6206be91c95cfc) Importer(815301076,1909f56bfc062723c751e8b465ee728b)  -> (artifact id: '2c6282633b464cd4c5d092a09a6c7900') in 0.016018 seconds
  Import took 0.017742 seconds .

========================================================================
Received Import Request.
  Time since last request: 0.000276 seconds.
  path: Assets/CursorsAndCrosshairs/FreeCrosshairs/Crosshair6.png
  artifactKey: Guid(3974b58e7c33d924daad41d96bd60d8b) Importer(815301076,1909f56bfc062723c751e8b465ee728b)
Start importing Assets/CursorsAndCrosshairs/FreeCrosshairs/Crosshair6.png using Guid(3974b58e7c33d924daad41d96bd60d8b) Importer(815301076,1909f56bfc062723c751e8b465ee728b)  -> (artifact id: 'fce94e8cc21a407e2c2ec1b122684826') in 0.014841 seconds
  Import took 0.016559 seconds .

========================================================================
Received Import Request.
  Time since last request: 0.000381 seconds.
  path: Assets/CursorsAndCrosshairs/FreeCrosshairs/Crosshair16.png
  artifactKey: Guid(1f6989ad088897d46983d18219ec5e90) Importer(815301076,1909f56bfc062723c751e8b465ee728b)
Start importing Assets/CursorsAndCrosshairs/FreeCrosshairs/Crosshair16.png using Guid(1f6989ad088897d46983d18219ec5e90) Importer(815301076,1909f56bfc062723c751e8b465ee728b)  -> (artifact id: '5af349e495f260501dd42b9e5ab9f1c7') in 0.014927 seconds
  Import took 0.016642 seconds .

========================================================================
Received Import Request.
  Time since last request: 0.000351 seconds.
  path: Assets/CursorsAndCrosshairs/FreeCrosshairs/Crosshair4.png
  artifactKey: Guid(d5505449141785140a5b225d36cd52bd) Importer(815301076,1909f56bfc062723c751e8b465ee728b)
Start importing Assets/CursorsAndCrosshairs/FreeCrosshairs/Crosshair4.png using Guid(d5505449141785140a5b225d36cd52bd) Importer(815301076,1909f56bfc062723c751e8b465ee728b)  -> (artifact id: '3d11e92994c4f605e82cd137dadecf7e') in 0.015072 seconds
  Import took 0.016751 seconds .

========================================================================
Received Import Request.
  Time since last request: 0.000353 seconds.
  path: Assets/CursorsAndCrosshairs/FreeCrosshairs/Crosshair5.png
  artifactKey: Guid(535dc3e61b06073448c508224ae20bd9) Importer(815301076,1909f56bfc062723c751e8b465ee728b)
Start importing Assets/CursorsAndCrosshairs/FreeCrosshairs/Crosshair5.png using Guid(535dc3e61b06073448c508224ae20bd9) Importer(815301076,1909f56bfc062723c751e8b465ee728b)  -> (artifact id: '2da0ae58fe2610e4908663809155abd4') in 0.015523 seconds
  Import took 0.017219 seconds .

========================================================================
Received Import Request.
  Time since last request: 0.000262 seconds.
  path: Assets/CursorsAndCrosshairs/FreeCrosshairs/Crosshair17.png
  artifactKey: Guid(a30726c95e0997449a3435228e42e9d2) Importer(815301076,1909f56bfc062723c751e8b465ee728b)
Start importing Assets/CursorsAndCrosshairs/FreeCrosshairs/Crosshair17.png using Guid(a30726c95e0997449a3435228e42e9d2) Importer(815301076,1909f56bfc062723c751e8b465ee728b)  -> (artifact id: '6727c88b59e4475bb79380753069df06') in 0.015665 seconds
  Import took 0.017557 seconds .

========================================================================
Received Import Request.
  Time since last request: 0.000182 seconds.
  path: Assets/CursorsAndCrosshairs/FreeCrosshairs/Crosshair20.png
  artifactKey: Guid(248ac586b2eb8e94793cbada868ac3ca) Importer(815301076,1909f56bfc062723c751e8b465ee728b)
Start importing Assets/CursorsAndCrosshairs/FreeCrosshairs/Crosshair20.png using Guid(248ac586b2eb8e94793cbada868ac3ca) Importer(815301076,1909f56bfc062723c751e8b465ee728b)  -> (artifact id: 'd87e8efffb61c5b20e387c26aeb2d55c') in 0.017460 seconds
  Import took 0.019424 seconds .

========================================================================
Received Import Request.
  Time since last request: 0.000287 seconds.
  path: Assets/CursorsAndCrosshairs/FreeCrosshairs/Crosshair7.png
  artifactKey: Guid(e43d6f75d1d396e49b526af6d54968be) Importer(815301076,1909f56bfc062723c751e8b465ee728b)
Start importing Assets/CursorsAndCrosshairs/FreeCrosshairs/Crosshair7.png using Guid(e43d6f75d1d396e49b526af6d54968be) Importer(815301076,1909f56bfc062723c751e8b465ee728b)  -> (artifact id: '691e07c230a8744825edacae6e7c71c2') in 0.016729 seconds
  Import took 0.018683 seconds .

========================================================================
Received Import Request.
  Time since last request: 0.000266 seconds.
  path: Assets/CursorsAndCrosshairs/FreeCrosshairs/Crosshair10.png
  artifactKey: Guid(28422343308c34443b21b45eecb07c75) Importer(815301076,1909f56bfc062723c751e8b465ee728b)
Start importing Assets/CursorsAndCrosshairs/FreeCrosshairs/Crosshair10.png using Guid(28422343308c34443b21b45eecb07c75) Importer(815301076,1909f56bfc062723c751e8b465ee728b)  -> (artifact id: '84c128aa8e38d52e66562dad6a08b747') in 0.016292 seconds
  Import took 0.018129 seconds .

========================================================================
Received Import Request.
  Time since last request: 0.000348 seconds.
  path: Assets/CursorsAndCrosshairs/FreeCrosshairs/Crosshair24.png
  artifactKey: Guid(12bac37a39b70534d9e5c98415bc8014) Importer(815301076,1909f56bfc062723c751e8b465ee728b)
Start importing Assets/CursorsAndCrosshairs/FreeCrosshairs/Crosshair24.png using Guid(12bac37a39b70534d9e5c98415bc8014) Importer(815301076,1909f56bfc062723c751e8b465ee728b)  -> (artifact id: '75f1862bc84461bef36afbd0dcb664e1') in 0.014903 seconds
  Import took 0.016653 seconds .

========================================================================
Received Import Request.
  Time since last request: 0.000350 seconds.
  path: Assets/CursorsAndCrosshairs/FreeCrosshairs/Crosshair3.png
  artifactKey: Guid(d6267f188ee8bb740b30c754288f8d64) Importer(815301076,1909f56bfc062723c751e8b465ee728b)
Start importing Assets/CursorsAndCrosshairs/FreeCrosshairs/Crosshair3.png using Guid(d6267f188ee8bb740b30c754288f8d64) Importer(815301076,1909f56bfc062723c751e8b465ee728b)  -> (artifact id: 'c405691a107ebed759c008c5a665074b') in 0.015084 seconds
  Import took 0.016907 seconds .

========================================================================
Received Import Request.
  Time since last request: 0.000238 seconds.
  path: Assets/CursorsAndCrosshairs/FreeCrosshairs/Crosshair21.png
  artifactKey: Guid(15a130ee90c158c4b99d5e1e17227928) Importer(815301076,1909f56bfc062723c751e8b465ee728b)
Start importing Assets/CursorsAndCrosshairs/FreeCrosshairs/Crosshair21.png using Guid(15a130ee90c158c4b99d5e1e17227928) Importer(815301076,1909f56bfc062723c751e8b465ee728b)  -> (artifact id: '2ef15a6912ea49d0be5479569aa4cdc0') in 0.017725 seconds
  Import took 0.020577 seconds .

========================================================================
Received Import Request.
  Time since last request: 0.000248 seconds.
  path: Assets/CursorsAndCrosshairs/FreeCrosshairs/Crosshair25.png
  artifactKey: Guid(9d17abc6dd9e84343b646f6a4a1a793a) Importer(815301076,1909f56bfc062723c751e8b465ee728b)
Start importing Assets/CursorsAndCrosshairs/FreeCrosshairs/Crosshair25.png using Guid(9d17abc6dd9e84343b646f6a4a1a793a) Importer(815301076,1909f56bfc062723c751e8b465ee728b)  -> (artifact id: 'b58ee95165be675c68ff2e8971e74667') in 0.020330 seconds
  Import took 0.022566 seconds .

========================================================================
Received Prepare
Registering precompiled user dll's ...
Registered in 0.000710 seconds.
Begin MonoManager ReloadAssembly
Native extension for WindowsStandalone target not found
Native extension for WebGL target not found
Refreshing native plugins compatible for Editor in 0.21 ms, found 0 plugins.
Preloading 0 native plugins for Editor in 0.00 ms.
Invoked RoslynAnalysisRunner static constructor.
RoslynAnalysisRunner will not be running.
RoslynAnalysisRunner has terminated.
Mono: successfully reloaded assembly
- Completed reload, in  0.661 seconds
Platform modules already initialized, skipping
Refreshing native plugins compatible for Editor in 0.20 ms, found 0 plugins.
Preloading 0 native plugins for Editor in 0.00 ms.
Unloading 1247 Unused Serialized files (Serialized files now loaded: 0)
System memory in use before: 65.3 MB.
System memory in use after: 65.3 MB.

Unloading 6 unused Assets to reduce memory usage. Loaded Objects now: 1731.
Total: 1.695700 ms (FindLiveObjects: 0.131200 ms CreateObjectMapping: 0.029900 ms MarkObjects: 1.488000 ms  DeleteObjects: 0.045800 ms)

========================================================================
Received Prepare
Registering precompiled user dll's ...
Registered in 0.000771 seconds.
Begin MonoManager ReloadAssembly
Native extension for WindowsStandalone target not found
Native extension for WebGL target not found
Refreshing native plugins compatible for Editor in 0.25 ms, found 0 plugins.
Preloading 0 native plugins for Editor in 0.00 ms.
Invoked RoslynAnalysisRunner static constructor.
RoslynAnalysisRunner will not be running.
RoslynAnalysisRunner has terminated.
Mono: successfully reloaded assembly
- Completed reload, in  0.650 seconds
Platform modules already initialized, skipping
Refreshing native plugins compatible for Editor in 0.23 ms, found 0 plugins.
Preloading 0 native plugins for Editor in 0.00 ms.
Unloading 1247 Unused Serialized files (Serialized files now loaded: 0)
System memory in use before: 65.3 MB.
System memory in use after: 65.3 MB.

Unloading 6 unused Assets to reduce memory usage. Loaded Objects now: 1733.
Total: 1.704900 ms (FindLiveObjects: 0.143200 ms CreateObjectMapping: 0.033600 ms MarkObjects: 1.471100 ms  DeleteObjects: 0.056100 ms)

========================================================================
Received Prepare
Registering precompiled user dll's ...
Registered in 0.000692 seconds.
Begin MonoManager ReloadAssembly
Native extension for WindowsStandalone target not found
Native extension for WebGL target not found
Refreshing native plugins compatible for Editor in 0.20 ms, found 0 plugins.
Preloading 0 native plugins for Editor in 0.00 ms.
Invoked RoslynAnalysisRunner static constructor.
RoslynAnalysisRunner will not be running.
RoslynAnalysisRunner has terminated.
Mono: successfully reloaded assembly
- Completed reload, in  0.660 seconds
Platform modules already initialized, skipping
Refreshing native plugins compatible for Editor in 0.20 ms, found 0 plugins.
Preloading 0 native plugins for Editor in 0.00 ms.
Unloading 1247 Unused Serialized files (Serialized files now loaded: 0)
System memory in use before: 65.3 MB.
System memory in use after: 65.3 MB.

Unloading 6 unused Assets to reduce memory usage. Loaded Objects now: 1735.
Total: 1.665400 ms (FindLiveObjects: 0.140200 ms CreateObjectMapping: 0.034200 ms MarkObjects: 1.445200 ms  DeleteObjects: 0.044400 ms)

========================================================================
Received Prepare
Registering precompiled user dll's ...
Registered in 0.000663 seconds.
Begin MonoManager ReloadAssembly
Native extension for WindowsStandalone target not found
Native extension for WebGL target not found
Refreshing native plugins compatible for Editor in 0.20 ms, found 0 plugins.
Preloading 0 native plugins for Editor in 0.00 ms.
Invoked RoslynAnalysisRunner static constructor.
RoslynAnalysisRunner will not be running.
RoslynAnalysisRunner has terminated.
Mono: successfully reloaded assembly
- Completed reload, in  0.655 seconds
Platform modules already initialized, skipping
Refreshing native plugins compatible for Editor in 0.20 ms, found 0 plugins.
Preloading 0 native plugins for Editor in 0.00 ms.
Unloading 1247 Unused Serialized files (Serialized files now loaded: 0)
System memory in use before: 65.3 MB.
System memory in use after: 65.3 MB.

Unloading 6 unused Assets to reduce memory usage. Loaded Objects now: 1737.
Total: 1.640600 ms (FindLiveObjects: 0.144400 ms CreateObjectMapping: 0.045500 ms MarkObjects: 1.402400 ms  DeleteObjects: 0.047300 ms)

========================================================================
Received Prepare
Registering precompiled user dll's ...
Registered in 0.000726 seconds.
Begin MonoManager ReloadAssembly
Native extension for WindowsStandalone target not found
Native extension for WebGL target not found
Refreshing native plugins compatible for Editor in 0.21 ms, found 0 plugins.
Preloading 0 native plugins for Editor in 0.00 ms.
Invoked RoslynAnalysisRunner static constructor.
RoslynAnalysisRunner will not be running.
RoslynAnalysisRunner has terminated.
Mono: successfully reloaded assembly
- Completed reload, in  0.769 seconds
Platform modules already initialized, skipping
Refreshing native plugins compatible for Editor in 0.23 ms, found 0 plugins.
Preloading 0 native plugins for Editor in 0.00 ms.
Unloading 1247 Unused Serialized files (Serialized files now loaded: 0)
System memory in use before: 65.3 MB.
System memory in use after: 65.3 MB.

Unloading 6 unused Assets to reduce memory usage. Loaded Objects now: 1739.
Total: 1.837000 ms (FindLiveObjects: 0.282000 ms CreateObjectMapping: 0.097400 ms MarkObjects: 1.405600 ms  DeleteObjects: 0.050400 ms)

========================================================================
Received Prepare
Registering precompiled user dll's ...
Registered in 0.000677 seconds.
Begin MonoManager ReloadAssembly
Native extension for WindowsStandalone target not found
Native extension for WebGL target not found
Refreshing native plugins compatible for Editor in 0.23 ms, found 0 plugins.
Preloading 0 native plugins for Editor in 0.00 ms.
Invoked RoslynAnalysisRunner static constructor.
RoslynAnalysisRunner will not be running.
RoslynAnalysisRunner has terminated.
Mono: successfully reloaded assembly
- Completed reload, in  0.664 seconds
Platform modules already initialized, skipping
Refreshing native plugins compatible for Editor in 0.20 ms, found 0 plugins.
Preloading 0 native plugins for Editor in 0.00 ms.
Unloading 1247 Unused Serialized files (Serialized files now loaded: 0)
System memory in use before: 65.3 MB.
System memory in use after: 65.4 MB.

Unloading 6 unused Assets to reduce memory usage. Loaded Objects now: 1741.
Total: 1.555200 ms (FindLiveObjects: 0.126900 ms CreateObjectMapping: 0.035900 ms MarkObjects: 1.343600 ms  DeleteObjects: 0.047900 ms)

========================================================================
Received Prepare
Registering precompiled user dll's ...
Registered in 0.000724 seconds.
Begin MonoManager ReloadAssembly
Native extension for WindowsStandalone target not found
Native extension for WebGL target not found
Refreshing native plugins compatible for Editor in 0.24 ms, found 0 plugins.
Preloading 0 native plugins for Editor in 0.00 ms.
Invoked RoslynAnalysisRunner static constructor.
RoslynAnalysisRunner will not be running.
RoslynAnalysisRunner has terminated.
Mono: successfully reloaded assembly
- Completed reload, in  0.717 seconds
Platform modules already initialized, skipping
Refreshing native plugins compatible for Editor in 0.24 ms, found 0 plugins.
Preloading 0 native plugins for Editor in 0.00 ms.
Unloading 1247 Unused Serialized files (Serialized files now loaded: 0)
System memory in use before: 65.3 MB.
System memory in use after: 65.4 MB.

Unloading 6 unused Assets to reduce memory usage. Loaded Objects now: 1743.
Total: 5.123400 ms (FindLiveObjects: 0.318000 ms CreateObjectMapping: 0.087800 ms MarkObjects: 4.505800 ms  DeleteObjects: 0.209900 ms)

AssetImportWorkerClient::OnTransportError - code=2 error=End of file
